<?xml version="1.0" encoding="UTF-8"?>
<!-- Generated by org.testng.reporters.JUnitReportReporter -->
<testsuite hostname="2000083852-C02W61XAHTD6" failures="0" tests="3" name="RunTest.loginPage00Test" time="5.618" errors="0" timestamp="2025-07-25T19:51:32 IST" skipped="2">
  <testcase classname="RunTest.loginPage00Test" name="performforgortpassword" time="5.618"/>
  <testcase classname="RunTest.loginPage00Test" name="performinvalidlogin">
    <skipped/>
  </testcase> <!-- performinvalidlogin -->
  <testcase classname="RunTest.loginPage00Test" name="performvalidlogin">
    <skipped/>
  </testcase> <!-- performvalidlogin -->
</testsuite> <!-- RunTest.loginPage00Test -->
